Determining if the pthread_create exist failed with the following output:
Change Dir: /home/daoai/code/test/build/CMakeFiles/CMakeTmp

Run Build Command:"/usr/bin/make" "cmTC_e75bb/fast"
make[1]: Entering directory '/home/daoai/code/test/build/CMakeFiles/CMakeTmp'
/usr/bin/make -f CMakeFiles/cmTC_e75bb.dir/build.make CMakeFiles/cmTC_e75bb.dir/build
make[2]: Entering directory '/home/daoai/code/test/build/CMakeFiles/CMakeTmp'
Building C object CMakeFiles/cmTC_e75bb.dir/CheckSymbolExists.c.o
/usr/bin/cc    -o CMakeFiles/cmTC_e75bb.dir/CheckSymbolExists.c.o   -c /home/daoai/code/test/build/CMakeFiles/CMakeTmp/CheckSymbolExists.c
Linking C executable cmTC_e75bb
/usr/bin/cmake -E cmake_link_script CMakeFiles/cmTC_e75bb.dir/link.txt --verbose=1
/usr/bin/cc      -rdynamic CMakeFiles/cmTC_e75bb.dir/CheckSymbolExists.c.o  -o cmTC_e75bb 
CMakeFiles/cmTC_e75bb.dir/CheckSymbolExists.c.o: In function `main':
CheckSymbolExists.c:(.text+0x1b): undefined reference to `pthread_create'
collect2: error: ld returned 1 exit status
CMakeFiles/cmTC_e75bb.dir/build.make:97: recipe for target 'cmTC_e75bb' failed
make[2]: *** [cmTC_e75bb] Error 1
make[2]: Leaving directory '/home/daoai/code/test/build/CMakeFiles/CMakeTmp'
Makefile:126: recipe for target 'cmTC_e75bb/fast' failed
make[1]: *** [cmTC_e75bb/fast] Error 2
make[1]: Leaving directory '/home/daoai/code/test/build/CMakeFiles/CMakeTmp'

File /home/daoai/code/test/build/CMakeFiles/CMakeTmp/CheckSymbolExists.c:
/* */
#include <pthread.h>

int main(int argc, char** argv)
{
  (void)argv;
#ifndef pthread_create
  return ((int*)(&pthread_create))[argc];
#else
  (void)argc;
  return 0;
#endif
}

Determining if the function pthread_create exists in the pthreads failed with the following output:
Change Dir: /home/daoai/code/test/build/CMakeFiles/CMakeTmp

Run Build Command:"/usr/bin/make" "cmTC_f5512/fast"
make[1]: Entering directory '/home/daoai/code/test/build/CMakeFiles/CMakeTmp'
/usr/bin/make -f CMakeFiles/cmTC_f5512.dir/build.make CMakeFiles/cmTC_f5512.dir/build
make[2]: Entering directory '/home/daoai/code/test/build/CMakeFiles/CMakeTmp'
Building C object CMakeFiles/cmTC_f5512.dir/CheckFunctionExists.c.o
/usr/bin/cc   -DCHECK_FUNCTION_EXISTS=pthread_create   -o CMakeFiles/cmTC_f5512.dir/CheckFunctionExists.c.o   -c /usr/share/cmake-3.10/Modules/CheckFunctionExists.c
Linking C executable cmTC_f5512
/usr/bin/cmake -E cmake_link_script CMakeFiles/cmTC_f5512.dir/link.txt --verbose=1
/usr/bin/cc  -DCHECK_FUNCTION_EXISTS=pthread_create    -rdynamic CMakeFiles/cmTC_f5512.dir/CheckFunctionExists.c.o  -o cmTC_f5512 -lpthreads 
/usr/bin/ld: cannot find -lpthreads
collect2: error: ld returned 1 exit status
CMakeFiles/cmTC_f5512.dir/build.make:97: recipe for target 'cmTC_f5512' failed
make[2]: *** [cmTC_f5512] Error 1
make[2]: Leaving directory '/home/daoai/code/test/build/CMakeFiles/CMakeTmp'
Makefile:126: recipe for target 'cmTC_f5512/fast' failed
make[1]: *** [cmTC_f5512/fast] Error 2
make[1]: Leaving directory '/home/daoai/code/test/build/CMakeFiles/CMakeTmp'


